# JRE version: OpenJDK Runtime Environment Temurin-21.0.7+6 (21.0.7+6) (build 21.0.7+6-LTS)
# Java VM: OpenJDK 64-Bit Server VM Temurin-21.0.7+6 (21.0.7+6-LTS, mixed mode, sharing, tiered, compressed oops, compressed class ptrs, parallel gc, windows-amd64)
GC Precious Log:
 CardTable entry size: 512
 CPUs: 4 total, 4 available
 Memory: 3996M
 Large Page Support: Disabled
 NUMA Support: Disabled
 Compressed Oops: Enabled (32-bit)
 Alignments: Space 512K, Generation 512K, Heap 2M
 Heap Min Capacity: 100M
 Heap Initial Capacity: 100M
 Heap Max Capacity: 1G
 Pre-touch: Disabled
 Parallel Workers: 4
Heap:
 PSYoungGen      total 3072K, used 1370K [0x00000000eab00000, 0x00000000eaf00000, 0x0000000100000000)
  eden space 2560K, 48% used [0x00000000eab00000,0x00000000eac36800,0x00000000ead80000)
  from space 512K, 25% used [0x00000000eae00000,0x00000000eae20000,0x00000000eae80000)
  to   space 512K, 0% used [0x00000000eae80000,0x00000000eae80000,0x00000000eaf00000)
 ParOldGen       total 523776K, used 523425K [0x00000000c0000000, 0x00000000dff80000, 0x00000000eab00000)
  object space 523776K, 99% used [0x00000000c0000000,0x00000000dff28628,0x00000000dff80000)
 Metaspace       used 87189K, committed 88896K, reserved 1179648K
  class space    used 8759K, committed 9536K, reserved 1048576K
GC Heap History (20 events):
Event: 5811.940 GC heap before
{Heap before GC invocations=2547 (full 6):
 PSYoungGen      total 1024K, used 1010K [0x00000000eab00000, 0x00000000eaf00000, 0x0000000100000000)
  eden space 512K, 100% used [0x00000000eab00000,0x00000000eab80000,0x00000000eab80000)
  from space 512K, 97% used [0x00000000eab80000,0x00000000eabfcb20,0x00000000eac00000)
  to   space 1536K, 0% used [0x00000000ead80000,0x00000000ead80000,0x00000000eaf00000)
 ParOldGen       total 518144K, used 517799K [0x00000000c0000000, 0x00000000dfa00000, 0x00000000eab00000)
  object space 518144K, 99% used [0x00000000c0000000,0x00000000df9a9c48,0x00000000dfa00000)
 Metaspace       used 87155K, committed 88832K, reserved 1179648K
  class space    used 8759K, committed 9536K, reserved 1048576K
}
Event: 5811.943 GC heap after
{Heap after GC invocations=2547 (full 6):
 PSYoungGen      total 2048K, used 544K [0x00000000eab00000, 0x00000000eae80000, 0x0000000100000000)
  eden space 1024K, 0% used [0x00000000eab00000,0x00000000eab00000,0x00000000eac00000)
  from space 1024K, 53% used [0x00000000ead80000,0x00000000eae08000,0x00000000eae80000)
  to   space 1024K, 0% used [0x00000000eac80000,0x00000000eac80000,0x00000000ead80000)
 ParOldGen       total 518656K, used 518217K [0x00000000c0000000, 0x00000000dfa80000, 0x00000000eab00000)
  object space 518656K, 99% used [0x00000000c0000000,0x00000000dfa12768,0x00000000dfa80000)
 Metaspace       used 87155K, committed 88832K, reserved 1179648K
  class space    used 8759K, committed 9536K, reserved 1048576K
}
Event: 5811.948 GC heap before
{Heap before GC invocations=2548 (full 6):
 PSYoungGen      total 2048K, used 1568K [0x00000000eab00000, 0x00000000eae80000, 0x0000000100000000)
  eden space 1024K, 100% used [0x00000000eab00000,0x00000000eac00000,0x00000000eac00000)
  from space 1024K, 53% used [0x00000000ead80000,0x00000000eae08000,0x00000000eae80000)
  to   space 1024K, 0% used [0x00000000eac80000,0x00000000eac80000,0x00000000ead80000)
 ParOldGen       total 518656K, used 518217K [0x00000000c0000000, 0x00000000dfa80000, 0x00000000eab00000)
  object space 518656K, 99% used [0x00000000c0000000,0x00000000dfa12768,0x00000000dfa80000)
 Metaspace       used 87155K, committed 88832K, reserved 1179648K
  class space    used 8759K, committed 9536K, reserved 1048576K
}
Event: 5811.951 GC heap after
{Heap after GC invocations=2548 (full 6):
 PSYoungGen      total 2560K, used 1024K [0x00000000eab00000, 0x00000000eb080000, 0x0000000100000000)
  eden space 1536K, 0% used [0x00000000eab00000,0x00000000eab00000,0x00000000eac80000)
  from space 1024K, 100% used [0x00000000eac80000,0x00000000ead80000,0x00000000ead80000)
  to   space 2048K, 0% used [0x00000000eae80000,0x00000000eae80000,0x00000000eb080000)
 ParOldGen       total 519168K, used 518697K [0x00000000c0000000, 0x00000000dfb00000, 0x00000000eab00000)
  object space 519168K, 99% used [0x00000000c0000000,0x00000000dfa8a768,0x00000000dfb00000)
 Metaspace       used 87155K, committed 88832K, reserved 1179648K
  class space    used 8759K, committed 9536K, reserved 1048576K
}
Event: 5811.959 GC heap before
{Heap before GC invocations=2549 (full 6):
 PSYoungGen      total 2560K, used 2560K [0x00000000eab00000, 0x00000000eb080000, 0x0000000100000000)
  eden space 1536K, 100% used [0x00000000eab00000,0x00000000eac80000,0x00000000eac80000)
  from space 1024K, 100% used [0x00000000eac80000,0x00000000ead80000,0x00000000ead80000)
  to   space 2048K, 0% used [0x00000000eae80000,0x00000000eae80000,0x00000000eb080000)
 ParOldGen       total 519168K, used 518697K [0x00000000c0000000, 0x00000000dfb00000, 0x00000000eab00000)
  object space 519168K, 99% used [0x00000000c0000000,0x00000000dfa8a768,0x00000000dfb00000)
 Metaspace       used 87155K, committed 88832K, reserved 1179648K
  class space    used 8759K, committed 9536K, reserved 1048576K
}
Event: 5811.965 GC heap after
{Heap after GC invocations=2549 (full 6):
 PSYoungGen      total 3584K, used 1408K [0x00000000eab00000, 0x00000000eb000000, 0x0000000100000000)
  eden space 2048K, 0% used [0x00000000eab00000,0x00000000eab00000,0x00000000ead00000)
  from space 1536K, 91% used [0x00000000eae80000,0x00000000eafe0000,0x00000000eb000000)
  to   space 1536K, 0% used [0x00000000ead00000,0x00000000ead00000,0x00000000eae80000)
 ParOldGen       total 520192K, used 519697K [0x00000000c0000000, 0x00000000dfc00000, 0x00000000eab00000)
  object space 520192K, 99% used [0x00000000c0000000,0x00000000dfb84768,0x00000000dfc00000)
 Metaspace       used 87155K, committed 88832K, reserved 1179648K
  class space    used 8759K, committed 9536K, reserved 1048576K
}
Event: 5812.005 GC heap before
{Heap before GC invocations=2550 (full 6):
 PSYoungGen      total 3584K, used 3416K [0x00000000eab00000, 0x00000000eb000000, 0x0000000100000000)
  eden space 2048K, 98% used [0x00000000eab00000,0x00000000eacf6070,0x00000000ead00000)
  from space 1536K, 91% used [0x00000000eae80000,0x00000000eafe0000,0x00000000eb000000)
  to   space 1536K, 0% used [0x00000000ead00000,0x00000000ead00000,0x00000000eae80000)
 ParOldGen       total 520192K, used 519697K [0x00000000c0000000, 0x00000000dfc00000, 0x00000000eab00000)
  object space 520192K, 99% used [0x00000000c0000000,0x00000000dfb84768,0x00000000dfc00000)
 Metaspace       used 87162K, committed 88832K, reserved 1179648K
  class space    used 8759K, committed 9536K, reserved 1048576K
}
Event: 5812.014 GC heap after
{Heap after GC invocations=2550 (full 6):
 PSYoungGen      total 3584K, used 960K [0x00000000eab00000, 0x00000000eb080000, 0x0000000100000000)
  eden space 2048K, 0% used [0x00000000eab00000,0x00000000eab00000,0x00000000ead00000)
  from space 1536K, 62% used [0x00000000ead00000,0x00000000eadf0000,0x00000000eae80000)
  to   space 1536K, 0% used [0x00000000eaf00000,0x00000000eaf00000,0x00000000eb080000)
 ParOldGen       total 521216K, used 521049K [0x00000000c0000000, 0x00000000dfd00000, 0x00000000eab00000)
  object space 521216K, 99% used [0x00000000c0000000,0x00000000dfcd6768,0x00000000dfd00000)
 Metaspace       used 87162K, committed 88832K, reserved 1179648K
  class space    used 8759K, committed 9536K, reserved 1048576K
}
Event: 5812.405 GC heap before
{Heap before GC invocations=2551 (full 6):
 PSYoungGen      total 3584K, used 3007K [0x00000000eab00000, 0x00000000eb080000, 0x0000000100000000)
  eden space 2048K, 99% used [0x00000000eab00000,0x00000000eacfffe8,0x00000000ead00000)
  from space 1536K, 62% used [0x00000000ead00000,0x00000000eadf0000,0x00000000eae80000)
  to   space 1536K, 0% used [0x00000000eaf00000,0x00000000eaf00000,0x00000000eb080000)
 ParOldGen       total 521216K, used 521049K [0x00000000c0000000, 0x00000000dfd00000, 0x00000000eab00000)
  object space 521216K, 99% used [0x00000000c0000000,0x00000000dfcd6768,0x00000000dfd00000)
 Metaspace       used 87167K, committed 88832K, reserved 1179648K
  class space    used 8759K, committed 9536K, reserved 1048576K
}
Event: 5812.411 GC heap after
{Heap after GC invocations=2551 (full 6):
 PSYoungGen      total 3584K, used 576K [0x00000000eab00000, 0x00000000eb000000, 0x0000000100000000)
  eden space 2560K, 0% used [0x00000000eab00000,0x00000000eab00000,0x00000000ead80000)
  from space 1024K, 56% used [0x00000000eaf00000,0x00000000eaf90000,0x00000000eb000000)
  to   space 1024K, 0% used [0x00000000eae00000,0x00000000eae00000,0x00000000eaf00000)
 ParOldGen       total 522240K, used 521729K [0x00000000c0000000, 0x00000000dfe00000, 0x00000000eab00000)
  object space 522240K, 99% used [0x00000000c0000000,0x00000000dfd80768,0x00000000dfe00000)
 Metaspace       used 87167K, committed 88832K, reserved 1179648K
  class space    used 8759K, committed 9536K, reserved 1048576K
}
Event: 5812.440 GC heap before
{Heap before GC invocations=2552 (full 6):
 PSYoungGen      total 3584K, used 3136K [0x00000000eab00000, 0x00000000eb000000, 0x0000000100000000)
  eden space 2560K, 100% used [0x00000000eab00000,0x00000000ead80000,0x00000000ead80000)
  from space 1024K, 56% used [0x00000000eaf00000,0x00000000eaf90000,0x00000000eb000000)
  to   space 1024K, 0% used [0x00000000eae00000,0x00000000eae00000,0x00000000eaf00000)
 ParOldGen       total 522240K, used 521729K [0x00000000c0000000, 0x00000000dfe00000, 0x00000000eab00000)
  object space 522240K, 99% used [0x00000000c0000000,0x00000000dfd80768,0x00000000dfe00000)
 Metaspace       used 87169K, committed 88832K, reserved 1179648K
  class space    used 8759K, committed 9536K, reserved 1048576K
}
Event: 5812.445 GC heap after
{Heap after GC invocations=2552 (full 6):
 PSYoungGen      total 3584K, used 240K [0x00000000eab00000, 0x00000000eaf80000, 0x0000000100000000)
  eden space 2560K, 0% used [0x00000000eab00000,0x00000000eab00000,0x00000000ead80000)
  from space 1024K, 23% used [0x00000000eae00000,0x00000000eae3c010,0x00000000eaf00000)
  to   space 512K, 0% used [0x00000000eaf00000,0x00000000eaf00000,0x00000000eaf80000)
 ParOldGen       total 522240K, used 522153K [0x00000000c0000000, 0x00000000dfe00000, 0x00000000eab00000)
  object space 522240K, 99% used [0x00000000c0000000,0x00000000dfdea768,0x00000000dfe00000)
 Metaspace       used 87169K, committed 88832K, reserved 1179648K
  class space    used 8759K, committed 9536K, reserved 1048576K
}
Event: 5812.465 GC heap before
{Heap before GC invocations=2553 (full 6):
 PSYoungGen      total 3584K, used 2800K [0x00000000eab00000, 0x00000000eaf80000, 0x0000000100000000)
  eden space 2560K, 100% used [0x00000000eab00000,0x00000000ead80000,0x00000000ead80000)
  from space 1024K, 23% used [0x00000000eae00000,0x00000000eae3c010,0x00000000eaf00000)
  to   space 512K, 0% used [0x00000000eaf00000,0x00000000eaf00000,0x00000000eaf80000)
 ParOldGen       total 522240K, used 522153K [0x00000000c0000000, 0x00000000dfe00000, 0x00000000eab00000)
  object space 522240K, 99% used [0x00000000c0000000,0x00000000dfdea768,0x00000000dfe00000)
 Metaspace       used 87170K, committed 88832K, reserved 1179648K
  class space    used 8759K, committed 9536K, reserved 1048576K
}
Event: 5812.468 GC heap after
{Heap after GC invocations=2553 (full 6):
 PSYoungGen      total 3072K, used 512K [0x00000000eab00000, 0x00000000eaf80000, 0x0000000100000000)
  eden space 2560K, 0% used [0x00000000eab00000,0x00000000eab00000,0x00000000ead80000)
  from space 512K, 100% used [0x00000000eaf00000,0x00000000eaf80000,0x00000000eaf80000)
  to   space 1024K, 0% used [0x00000000ead80000,0x00000000ead80000,0x00000000eae80000)
 ParOldGen       total 522752K, used 522463K [0x00000000c0000000, 0x00000000dfe80000, 0x00000000eab00000)
  object space 522752K, 99% used [0x00000000c0000000,0x00000000dfe37c18,0x00000000dfe80000)
 Metaspace       used 87170K, committed 88832K, reserved 1179648K
  class space    used 8759K, committed 9536K, reserved 1048576K
}
Event: 5812.500 GC heap before
{Heap before GC invocations=2554 (full 6):
 PSYoungGen      total 3072K, used 3071K [0x00000000eab00000, 0x00000000eaf80000, 0x0000000100000000)
  eden space 2560K, 99% used [0x00000000eab00000,0x00000000ead7fff8,0x00000000ead80000)
  from space 512K, 100% used [0x00000000eaf00000,0x00000000eaf80000,0x00000000eaf80000)
  to   space 1024K, 0% used [0x00000000ead80000,0x00000000ead80000,0x00000000eae80000)
 ParOldGen       total 522752K, used 522463K [0x00000000c0000000, 0x00000000dfe80000, 0x00000000eab00000)
  object space 522752K, 99% used [0x00000000c0000000,0x00000000dfe37c18,0x00000000dfe80000)
 Metaspace       used 87184K, committed 88832K, reserved 1179648K
  class space    used 8759K, committed 9536K, reserved 1048576K
}
Event: 5812.505 GC heap after
{Heap after GC invocations=2554 (full 6):
 PSYoungGen      total 3584K, used 448K [0x00000000eab00000, 0x00000000eaf80000, 0x0000000100000000)
  eden space 2560K, 0% used [0x00000000eab00000,0x00000000eab00000,0x00000000ead80000)
  from space 1024K, 43% used [0x00000000ead80000,0x00000000eadf0000,0x00000000eae80000)
  to   space 1024K, 0% used [0x00000000eae80000,0x00000000eae80000,0x00000000eaf80000)
 ParOldGen       total 523264K, used 522975K [0x00000000c0000000, 0x00000000dff00000, 0x00000000eab00000)
  object space 523264K, 99% used [0x00000000c0000000,0x00000000dfeb7c18,0x00000000dff00000)
 Metaspace       used 87184K, committed 88832K, reserved 1179648K
  class space    used 8759K, committed 9536K, reserved 1048576K
}
Event: 5812.533 GC heap before
{Heap before GC invocations=2555 (full 6):
 PSYoungGen      total 3584K, used 3008K [0x00000000eab00000, 0x00000000eaf80000, 0x0000000100000000)
  eden space 2560K, 100% used [0x00000000eab00000,0x00000000ead80000,0x00000000ead80000)
  from space 1024K, 43% used [0x00000000ead80000,0x00000000eadf0000,0x00000000eae80000)
  to   space 1024K, 0% used [0x00000000eae80000,0x00000000eae80000,0x00000000eaf80000)
 ParOldGen       total 523264K, used 522975K [0x00000000c0000000, 0x00000000dff00000, 0x00000000eab00000)
  object space 523264K, 99% used [0x00000000c0000000,0x00000000dfeb7c18,0x00000000dff00000)
 Metaspace       used 87188K, committed 88832K, reserved 1179648K
  class space    used 8759K, committed 9536K, reserved 1048576K
}
Event: 5812.536 GC heap after
{Heap after GC invocations=2555 (full 6):
 PSYoungGen      total 3072K, used 128K [0x00000000eab00000, 0x00000000eaf00000, 0x0000000100000000)
  eden space 2560K, 0% used [0x00000000eab00000,0x00000000eab00000,0x00000000ead80000)
  from space 512K, 25% used [0x00000000eae80000,0x00000000eaea0000,0x00000000eaf00000)
  to   space 512K, 0% used [0x00000000eae00000,0x00000000eae00000,0x00000000eae80000)
 ParOldGen       total 523776K, used 523337K [0x00000000c0000000, 0x00000000dff80000, 0x00000000eab00000)
  object space 523776K, 99% used [0x00000000c0000000,0x00000000dff12628,0x00000000dff80000)
 Metaspace       used 87188K, committed 88832K, reserved 1179648K
  class space    used 8759K, committed 9536K, reserved 1048576K
}
Event: 5812.568 GC heap before
{Heap before GC invocations=2556 (full 6):
 PSYoungGen      total 3072K, used 2688K [0x00000000eab00000, 0x00000000eaf00000, 0x0000000100000000)
  eden space 2560K, 100% used [0x00000000eab00000,0x00000000ead80000,0x00000000ead80000)
  from space 512K, 25% used [0x00000000eae80000,0x00000000eaea0000,0x00000000eaf00000)
  to   space 512K, 0% used [0x00000000eae00000,0x00000000eae00000,0x00000000eae80000)
 ParOldGen       total 523776K, used 523337K [0x00000000c0000000, 0x00000000dff80000, 0x00000000eab00000)
  object space 523776K, 99% used [0x00000000c0000000,0x00000000dff12628,0x00000000dff80000)
 Metaspace       used 87189K, committed 88896K, reserved 1179648K
  class space    used 8759K, committed 9536K, reserved 1048576K
}
Event: 5812.570 GC heap after
{Heap after GC invocations=2556 (full 6):
 PSYoungGen      total 3072K, used 128K [0x00000000eab00000, 0x00000000eaf00000, 0x0000000100000000)
  eden space 2560K, 0% used [0x00000000eab00000,0x00000000eab00000,0x00000000ead80000)
  from space 512K, 25% used [0x00000000eae00000,0x00000000eae20000,0x00000000eae80000)
  to   space 512K, 0% used [0x00000000eae80000,0x00000000eae80000,0x00000000eaf00000)
 ParOldGen       total 523776K, used 523425K [0x00000000c0000000, 0x00000000dff80000, 0x00000000eab00000)
  object space 523776K, 99% used [0x00000000c0000000,0x00000000dff28628,0x00000000dff80000)
 Metaspace       used 87189K, committed 88896K, reserved 1179648K
  class space    used 8759K, committed 9536K, reserved 1048576K
}

